2025-04-21T21:37:20.203+02:00  INFO 21492 --- [restartedMain] c.e.f.FootballTestApplication            : Starting FootballTestApplication using Java 17.0.12 with PID 21492 (C:\Users\user\Desktop\footballTest\target\classes started by user in C:\Users\user\Desktop\footballTest)
2025-04-21T21:37:20.203+02:00 DEBUG 21492 --- [restartedMain] c.e.f.FootballTestApplication            : Running with Spring Boot v3.4.4, Spring v6.2.5
2025-04-21T21:37:20.203+02:00  INFO 21492 --- [restartedMain] c.e.f.FootballTestApplication            : No active profile set, falling back to 1 default profile: "default"
2025-04-21T21:37:20.318+02:00  INFO 21492 --- [restartedMain] .s.d.r.c.RepositoryConfigurationDelegate : Bootstrapping Spring Data JPA repositories in DEFAULT mode.
2025-04-21T21:37:20.325+02:00  INFO 21492 --- [restartedMain] .s.d.r.c.RepositoryConfigurationDelegate : Finished Spring Data repository scanning in 6 ms. Found 1 JPA repository interface.
2025-04-21T21:37:20.376+02:00  INFO 21492 --- [restartedMain] o.s.b.w.embedded.tomcat.TomcatWebServer  : Tomcat initialized with port 8080 (http)
2025-04-21T21:37:20.377+02:00  INFO 21492 --- [restartedMain] o.apache.catalina.core.StandardService   : Starting service [Tomcat]
2025-04-21T21:37:20.377+02:00  INFO 21492 --- [restartedMain] o.apache.catalina.core.StandardEngine    : Starting Servlet engine: [Apache Tomcat/10.1.39]
2025-04-21T21:37:20.387+02:00  INFO 21492 --- [restartedMain] o.a.c.c.C.[Tomcat-5].[localhost].[/]     : Initializing Spring embedded WebApplicationContext
2025-04-21T21:37:20.388+02:00  INFO 21492 --- [restartedMain] w.s.c.ServletWebServerApplicationContext : Root WebApplicationContext: initialization completed in 183 ms
2025-04-21T21:37:20.406+02:00  INFO 21492 --- [restartedMain] o.hibernate.jpa.internal.util.LogHelper  : HHH000204: Processing PersistenceUnitInfo [name: default]
2025-04-21T21:37:20.408+02:00  INFO 21492 --- [restartedMain] o.h.c.internal.RegionFactoryInitiator    : HHH000026: Second-level cache disabled
2025-04-21T21:37:20.412+02:00  INFO 21492 --- [restartedMain] o.s.o.j.p.SpringPersistenceUnitInfo      : No LoadTimeWeaver setup: ignoring JPA class transformer
2025-04-21T21:37:20.413+02:00  INFO 21492 --- [restartedMain] com.zaxxer.hikari.HikariDataSource       : HikariPool-20 - Starting...
2025-04-21T21:37:20.416+02:00  INFO 21492 --- [restartedMain] com.zaxxer.hikari.pool.HikariPool        : HikariPool-20 - Added connection com.mysql.cj.jdbc.ConnectionImpl@74634cab
2025-04-21T21:37:20.416+02:00  INFO 21492 --- [restartedMain] com.zaxxer.hikari.HikariDataSource       : HikariPool-20 - Start completed.
2025-04-21T21:37:20.417+02:00  WARN 21492 --- [restartedMain] org.hibernate.orm.deprecation            : HHH90000025: MySQL8Dialect does not need to be specified explicitly using 'hibernate.dialect' (remove the property setting and it will be selected by default)
2025-04-21T21:37:20.417+02:00  WARN 21492 --- [restartedMain] org.hibernate.orm.deprecation            : HHH90000026: MySQL8Dialect has been deprecated; use org.hibernate.dialect.MySQLDialect instead
2025-04-21T21:37:20.417+02:00  INFO 21492 --- [restartedMain] org.hibernate.orm.connections.pooling    : HHH10001005: Database info:
	Database JDBC URL [Connecting through datasource 'HikariDataSource (HikariPool-20)']
	Database driver: undefined/unknown
	Database version: 8.0
	Autocommit mode: undefined/unknown
	Isolation level: undefined/unknown
	Minimum pool size: undefined/unknown
	Maximum pool size: undefined/unknown
2025-04-21T21:37:20.442+02:00  INFO 21492 --- [restartedMain] o.h.e.t.j.p.i.JtaPlatformInitiator       : HHH000489: No JTA platform available (set 'hibernate.transaction.jta.platform' to enable JTA platform integration)
2025-04-21T21:37:20.452+02:00  INFO 21492 --- [restartedMain] j.LocalContainerEntityManagerFactoryBean : Initialized JPA EntityManagerFactory for persistence unit 'default'
2025-04-21T21:37:20.515+02:00  WARN 21492 --- [restartedMain] JpaBaseConfiguration$JpaWebConfiguration : spring.jpa.open-in-view is enabled by default. Therefore, database queries may be performed during view rendering. Explicitly configure spring.jpa.open-in-view to disable this warning
2025-04-21T21:37:20.524+02:00  INFO 21492 --- [restartedMain] o.s.v.b.OptionalValidatorFactoryBean     : Failed to set up a Bean Validation provider: jakarta.validation.NoProviderFoundException: Unable to create a Configuration, because no Jakarta Bean Validation provider could be found. Add a provider like Hibernate Validator (RI) to your classpath.
2025-04-21T21:37:20.766+02:00  INFO 21492 --- [restartedMain] o.s.b.d.a.OptionalLiveReloadServer       : LiveReload server is running on port 35729
2025-04-21T21:37:20.773+02:00  INFO 21492 --- [restartedMain] o.s.b.w.embedded.tomcat.TomcatWebServer  : Tomcat started on port 8080 (http) with context path '/'
2025-04-21T21:37:20.777+02:00  INFO 21492 --- [restartedMain] c.e.f.FootballTestApplication            : Started FootballTestApplication in 0.604 seconds (process running for 79299.251)
2025-04-21T21:37:20.778+02:00  INFO 21492 --- [restartedMain] .ConditionEvaluationDeltaLoggingListener : Condition evaluation unchanged
2025-04-21T21:37:50.065+02:00  INFO 21492 --- [File Watcher] rtingClassPathChangeChangedEventListener : Restarting due to 1 class path change (0 additions, 0 deletions, 1 modification)
2025-04-21T21:37:50.067+02:00  INFO 21492 --- [Thread-74] o.s.b.w.e.tomcat.GracefulShutdown        : Commencing graceful shutdown. Waiting for active requests to complete
2025-04-21T21:37:50.095+02:00  INFO 21492 --- [tomcat-shutdown] o.s.b.w.e.tomcat.GracefulShutdown        : Graceful shutdown complete
2025-04-21T21:37:50.097+02:00  INFO 21492 --- [Thread-74] j.LocalContainerEntityManagerFactoryBean : Closing JPA EntityManagerFactory for persistence unit 'default'
2025-04-21T21:37:50.097+02:00  INFO 21492 --- [Thread-74] com.zaxxer.hikari.HikariDataSource       : HikariPool-20 - Shutdown initiated...
2025-04-21T21:37:50.098+02:00  INFO 21492 --- [Thread-74] com.zaxxer.hikari.HikariDataSource       : HikariPool-20 - Shutdown completed.
2025-04-21T21:37:50.157+02:00  INFO 21492 --- [restartedMain] c.e.f.FootballTestApplication            : Starting FootballTestApplication using Java 17.0.12 with PID 21492 (C:\Users\user\Desktop\footballTest\target\classes started by user in C:\Users\user\Desktop\footballTest)
2025-04-21T21:37:50.157+02:00 DEBUG 21492 --- [restartedMain] c.e.f.FootballTestApplication            : Running with Spring Boot v3.4.4, Spring v6.2.5
2025-04-21T21:37:50.158+02:00  INFO 21492 --- [restartedMain] c.e.f.FootballTestApplication            : No active profile set, falling back to 1 default profile: "default"
2025-04-21T21:37:50.278+02:00  INFO 21492 --- [restartedMain] .s.d.r.c.RepositoryConfigurationDelegate : Bootstrapping Spring Data JPA repositories in DEFAULT mode.
2025-04-21T21:37:50.286+02:00  INFO 21492 --- [restartedMain] .s.d.r.c.RepositoryConfigurationDelegate : Finished Spring Data repository scanning in 6 ms. Found 1 JPA repository interface.
2025-04-21T21:37:50.334+02:00  INFO 21492 --- [restartedMain] o.s.b.w.embedded.tomcat.TomcatWebServer  : Tomcat initialized with port 8080 (http)
2025-04-21T21:37:50.335+02:00  INFO 21492 --- [restartedMain] o.apache.catalina.core.StandardService   : Starting service [Tomcat]
2025-04-21T21:37:50.335+02:00  INFO 21492 --- [restartedMain] o.apache.catalina.core.StandardEngine    : Starting Servlet engine: [Apache Tomcat/10.1.39]
2025-04-21T21:37:50.345+02:00  INFO 21492 --- [restartedMain] o.a.c.c.C.[Tomcat-5].[localhost].[/]     : Initializing Spring embedded WebApplicationContext
2025-04-21T21:37:50.345+02:00  INFO 21492 --- [restartedMain] w.s.c.ServletWebServerApplicationContext : Root WebApplicationContext: initialization completed in 187 ms
2025-04-21T21:37:50.365+02:00  INFO 21492 --- [restartedMain] o.hibernate.jpa.internal.util.LogHelper  : HHH000204: Processing PersistenceUnitInfo [name: default]
2025-04-21T21:37:50.366+02:00  INFO 21492 --- [restartedMain] o.h.c.internal.RegionFactoryInitiator    : HHH000026: Second-level cache disabled
2025-04-21T21:37:50.370+02:00  INFO 21492 --- [restartedMain] o.s.o.j.p.SpringPersistenceUnitInfo      : No LoadTimeWeaver setup: ignoring JPA class transformer
2025-04-21T21:37:50.371+02:00  INFO 21492 --- [restartedMain] com.zaxxer.hikari.HikariDataSource       : HikariPool-21 - Starting...
2025-04-21T21:37:50.374+02:00  INFO 21492 --- [restartedMain] com.zaxxer.hikari.pool.HikariPool        : HikariPool-21 - Added connection com.mysql.cj.jdbc.ConnectionImpl@f03abcf
2025-04-21T21:37:50.375+02:00  INFO 21492 --- [restartedMain] com.zaxxer.hikari.HikariDataSource       : HikariPool-21 - Start completed.
2025-04-21T21:37:50.375+02:00  WARN 21492 --- [restartedMain] org.hibernate.orm.deprecation            : HHH90000025: MySQL8Dialect does not need to be specified explicitly using 'hibernate.dialect' (remove the property setting and it will be selected by default)
2025-04-21T21:37:50.375+02:00  WARN 21492 --- [restartedMain] org.hibernate.orm.deprecation            : HHH90000026: MySQL8Dialect has been deprecated; use org.hibernate.dialect.MySQLDialect instead
2025-04-21T21:37:50.375+02:00  INFO 21492 --- [restartedMain] org.hibernate.orm.connections.pooling    : HHH10001005: Database info:
	Database JDBC URL [Connecting through datasource 'HikariDataSource (HikariPool-21)']
	Database driver: undefined/unknown
	Database version: 8.0
	Autocommit mode: undefined/unknown
	Isolation level: undefined/unknown
	Minimum pool size: undefined/unknown
	Maximum pool size: undefined/unknown
2025-04-21T21:37:50.401+02:00  INFO 21492 --- [restartedMain] o.h.e.t.j.p.i.JtaPlatformInitiator       : HHH000489: No JTA platform available (set 'hibernate.transaction.jta.platform' to enable JTA platform integration)
2025-04-21T21:37:50.411+02:00  INFO 21492 --- [restartedMain] j.LocalContainerEntityManagerFactoryBean : Initialized JPA EntityManagerFactory for persistence unit 'default'
2025-04-21T21:37:50.468+02:00  WARN 21492 --- [restartedMain] JpaBaseConfiguration$JpaWebConfiguration : spring.jpa.open-in-view is enabled by default. Therefore, database queries may be performed during view rendering. Explicitly configure spring.jpa.open-in-view to disable this warning
2025-04-21T21:37:50.477+02:00  INFO 21492 --- [restartedMain] o.s.v.b.OptionalValidatorFactoryBean     : Failed to set up a Bean Validation provider: jakarta.validation.NoProviderFoundException: Unable to create a Configuration, because no Jakarta Bean Validation provider could be found. Add a provider like Hibernate Validator (RI) to your classpath.
2025-04-21T21:37:50.711+02:00  INFO 21492 --- [restartedMain] o.s.b.d.a.OptionalLiveReloadServer       : LiveReload server is running on port 35729
2025-04-21T21:37:50.718+02:00  INFO 21492 --- [restartedMain] o.s.b.w.embedded.tomcat.TomcatWebServer  : Tomcat started on port 8080 (http) with context path '/'
2025-04-21T21:37:50.721+02:00  INFO 21492 --- [restartedMain] c.e.f.FootballTestApplication            : Started FootballTestApplication in 0.581 seconds (process running for 79329.195)
2025-04-21T21:37:50.722+02:00  INFO 21492 --- [restartedMain] .ConditionEvaluationDeltaLoggingListener : Condition evaluation unchanged
2025-04-21T21:37:56.678+02:00  INFO 21492 --- [SpringApplicationShutdownHook] o.s.b.w.e.tomcat.GracefulShutdown        : Commencing graceful shutdown. Waiting for active requests to complete
2025-04-21T21:37:56.715+02:00  INFO 21492 --- [tomcat-shutdown] o.s.b.w.e.tomcat.GracefulShutdown        : Graceful shutdown complete
2025-04-21T21:37:56.716+02:00  INFO 21492 --- [SpringApplicationShutdownHook] j.LocalContainerEntityManagerFactoryBean : Closing JPA EntityManagerFactory for persistence unit 'default'
2025-04-21T21:37:56.716+02:00  INFO 21492 --- [SpringApplicationShutdownHook] com.zaxxer.hikari.HikariDataSource       : HikariPool-21 - Shutdown initiated...
2025-04-21T21:37:56.719+02:00  INFO 21492 --- [SpringApplicationShutdownHook] com.zaxxer.hikari.HikariDataSource       : HikariPool-21 - Shutdown completed.
2025-04-21T21:37:58.315+02:00  INFO 23396 --- [restartedMain] c.e.f.FootballTestApplication            : Starting FootballTestApplication using Java 17.0.12 with PID 23396 (C:\Users\user\Desktop\footballTest\target\classes started by user in C:\Users\user\Desktop\footballTest)
2025-04-21T21:37:58.317+02:00 DEBUG 23396 --- [restartedMain] c.e.f.FootballTestApplication            : Running with Spring Boot v3.4.4, Spring v6.2.5
2025-04-21T21:37:58.318+02:00  INFO 23396 --- [restartedMain] c.e.f.FootballTestApplication            : No active profile set, falling back to 1 default profile: "default"
2025-04-21T21:37:58.352+02:00  INFO 23396 --- [restartedMain] .e.DevToolsPropertyDefaultsPostProcessor : Devtools property defaults active! Set 'spring.devtools.add-properties' to 'false' to disable
2025-04-21T21:37:58.352+02:00  INFO 23396 --- [restartedMain] .e.DevToolsPropertyDefaultsPostProcessor : For additional web related logging consider setting the 'logging.level.web' property to 'DEBUG'
2025-04-21T21:37:58.984+02:00  INFO 23396 --- [restartedMain] .s.d.r.c.RepositoryConfigurationDelegate : Bootstrapping Spring Data JPA repositories in DEFAULT mode.
2025-04-21T21:37:59.034+02:00  INFO 23396 --- [restartedMain] .s.d.r.c.RepositoryConfigurationDelegate : Finished Spring Data repository scanning in 40 ms. Found 1 JPA repository interface.
2025-04-21T21:37:59.475+02:00  INFO 23396 --- [restartedMain] o.s.b.w.embedded.tomcat.TomcatWebServer  : Tomcat initialized with port 8080 (http)
2025-04-21T21:37:59.487+02:00  INFO 23396 --- [restartedMain] o.apache.catalina.core.StandardService   : Starting service [Tomcat]
2025-04-21T21:37:59.488+02:00  INFO 23396 --- [restartedMain] o.apache.catalina.core.StandardEngine    : Starting Servlet engine: [Apache Tomcat/10.1.39]
2025-04-21T21:37:59.536+02:00  INFO 23396 --- [restartedMain] o.a.c.c.C.[Tomcat].[localhost].[/]       : Initializing Spring embedded WebApplicationContext
2025-04-21T21:37:59.536+02:00  INFO 23396 --- [restartedMain] w.s.c.ServletWebServerApplicationContext : Root WebApplicationContext: initialization completed in 1184 ms
2025-04-21T21:37:59.671+02:00  INFO 23396 --- [restartedMain] o.hibernate.jpa.internal.util.LogHelper  : HHH000204: Processing PersistenceUnitInfo [name: default]
2025-04-21T21:37:59.739+02:00  INFO 23396 --- [restartedMain] org.hibernate.Version                    : HHH000412: Hibernate ORM core version 6.6.11.Final
2025-04-21T21:37:59.779+02:00  INFO 23396 --- [restartedMain] o.h.c.internal.RegionFactoryInitiator    : HHH000026: Second-level cache disabled
2025-04-21T21:38:00.044+02:00  INFO 23396 --- [restartedMain] o.s.o.j.p.SpringPersistenceUnitInfo      : No LoadTimeWeaver setup: ignoring JPA class transformer
2025-04-21T21:38:00.070+02:00  INFO 23396 --- [restartedMain] com.zaxxer.hikari.HikariDataSource       : HikariPool-1 - Starting...
2025-04-21T21:38:00.181+02:00  INFO 23396 --- [restartedMain] com.zaxxer.hikari.pool.HikariPool        : HikariPool-1 - Added connection com.mysql.cj.jdbc.ConnectionImpl@49364188
2025-04-21T21:38:00.182+02:00  INFO 23396 --- [restartedMain] com.zaxxer.hikari.HikariDataSource       : HikariPool-1 - Start completed.
2025-04-21T21:38:00.221+02:00  WARN 23396 --- [restartedMain] org.hibernate.orm.deprecation            : HHH90000025: MySQL8Dialect does not need to be specified explicitly using 'hibernate.dialect' (remove the property setting and it will be selected by default)
2025-04-21T21:38:00.221+02:00  WARN 23396 --- [restartedMain] org.hibernate.orm.deprecation            : HHH90000026: MySQL8Dialect has been deprecated; use org.hibernate.dialect.MySQLDialect instead
2025-04-21T21:38:00.237+02:00  INFO 23396 --- [restartedMain] org.hibernate.orm.connections.pooling    : HHH10001005: Database info:
	Database JDBC URL [Connecting through datasource 'HikariDataSource (HikariPool-1)']
	Database driver: undefined/unknown
	Database version: 8.0
	Autocommit mode: undefined/unknown
	Isolation level: undefined/unknown
	Minimum pool size: undefined/unknown
	Maximum pool size: undefined/unknown
2025-04-21T21:38:01.096+02:00  INFO 23396 --- [restartedMain] o.h.e.t.j.p.i.JtaPlatformInitiator       : HHH000489: No JTA platform available (set 'hibernate.transaction.jta.platform' to enable JTA platform integration)
2025-04-21T21:38:01.157+02:00  INFO 23396 --- [restartedMain] j.LocalContainerEntityManagerFactoryBean : Initialized JPA EntityManagerFactory for persistence unit 'default'
2025-04-21T21:38:01.498+02:00  WARN 23396 --- [restartedMain] JpaBaseConfiguration$JpaWebConfiguration : spring.jpa.open-in-view is enabled by default. Therefore, database queries may be performed during view rendering. Explicitly configure spring.jpa.open-in-view to disable this warning
2025-04-21T21:38:01.531+02:00  INFO 23396 --- [restartedMain] o.s.v.b.OptionalValidatorFactoryBean     : Failed to set up a Bean Validation provider: jakarta.validation.NoProviderFoundException: Unable to create a Configuration, because no Jakarta Bean Validation provider could be found. Add a provider like Hibernate Validator (RI) to your classpath.
2025-04-21T21:38:02.182+02:00  INFO 23396 --- [restartedMain] o.s.b.d.a.OptionalLiveReloadServer       : LiveReload server is running on port 35729
2025-04-21T21:38:02.215+02:00  INFO 23396 --- [restartedMain] o.s.b.w.embedded.tomcat.TomcatWebServer  : Tomcat started on port 8080 (http) with context path '/'
2025-04-21T21:38:02.223+02:00  INFO 23396 --- [restartedMain] c.e.f.FootballTestApplication            : Started FootballTestApplication in 4.259 seconds (process running for 4.793)
2025-04-21T21:38:18.697+02:00  INFO 23396 --- [http-nio-8080-exec-1] o.a.c.c.C.[Tomcat].[localhost].[/]       : Initializing Spring DispatcherServlet 'dispatcherServlet'
2025-04-21T21:38:18.697+02:00  INFO 23396 --- [http-nio-8080-exec-1] o.s.web.servlet.DispatcherServlet        : Initializing Servlet 'dispatcherServlet'
2025-04-21T21:38:18.699+02:00  INFO 23396 --- [http-nio-8080-exec-1] o.s.web.servlet.DispatcherServlet        : Completed initialization in 2 ms
2025-04-21T21:38:20.127+02:00  INFO 23396 --- [http-nio-8080-exec-7] o.springdoc.api.AbstractOpenApiResource  : Init duration for springdoc-openapi is: 975 ms
2025-04-21T21:38:24.274+02:00  INFO 23396 --- [http-nio-8080-exec-10] c.e.footballtest.service.EquipeService   : GET /equipes-nice/getAll - page=0, size=10, sortBy=name, sortDir=asc
2025-04-21T21:38:24.674+02:00  INFO 23396 --- [http-nio-8080-exec-10] c.e.footballtest.service.EquipeService   : Résultat : 5 équipes retournées sur 1 pages
2025-04-21T21:38:24.683+02:00  WARN 23396 --- [http-nio-8080-exec-10] ration$PageModule$WarningLoggingModifier : Serializing PageImpl instances as-is is not supported, meaning that there is no guarantee about the stability of the resulting JSON structure!
	For a stable JSON structure, please use Spring Data's PagedModel (globally via @EnableSpringDataWebSupport(pageSerializationMode = VIA_DTO))
	or Spring HATEOAS and Spring Data's PagedResourcesAssembler as documented in https://docs.spring.io/spring-data/commons/reference/repositories/core-extensions.html#core.web.pageables.

2025-04-21T21:50:07.594+02:00  INFO 23396 --- [File Watcher] rtingClassPathChangeChangedEventListener : Restarting due to 25 class path changes (0 additions, 25 deletions, 0 modifications)
2025-04-21T21:50:07.598+02:00  INFO 23396 --- [Thread-5] o.s.b.w.e.tomcat.GracefulShutdown        : Commencing graceful shutdown. Waiting for active requests to complete
2025-04-21T21:50:07.626+02:00  INFO 23396 --- [tomcat-shutdown] o.s.b.w.e.tomcat.GracefulShutdown        : Graceful shutdown complete
2025-04-21T21:50:07.629+02:00  INFO 23396 --- [Thread-5] j.LocalContainerEntityManagerFactoryBean : Closing JPA EntityManagerFactory for persistence unit 'default'
2025-04-21T21:50:07.632+02:00  INFO 23396 --- [Thread-5] com.zaxxer.hikari.HikariDataSource       : HikariPool-1 - Shutdown initiated...
2025-04-21T21:50:07.640+02:00  INFO 23396 --- [Thread-5] com.zaxxer.hikari.HikariDataSource       : HikariPool-1 - Shutdown completed.
2025-04-21T21:50:10.416+02:00  INFO 23396 --- [restartedMain] c.e.f.FootballTestApplication            : Starting FootballTestApplication using Java 17.0.12 with PID 23396 (C:\Users\user\Desktop\footballTest\target\classes started by user in C:\Users\user\Desktop\footballTest)
2025-04-21T21:50:10.416+02:00 DEBUG 23396 --- [restartedMain] c.e.f.FootballTestApplication            : Running with Spring Boot v3.4.4, Spring v6.2.5
2025-04-21T21:50:10.416+02:00  INFO 23396 --- [restartedMain] c.e.f.FootballTestApplication            : No active profile set, falling back to 1 default profile: "default"
2025-04-21T21:50:10.545+02:00  INFO 23396 --- [restartedMain] .s.d.r.c.RepositoryConfigurationDelegate : Bootstrapping Spring Data JPA repositories in DEFAULT mode.
2025-04-21T21:50:10.546+02:00  INFO 23396 --- [restartedMain] .s.d.r.c.RepositoryConfigurationDelegate : Finished Spring Data repository scanning in 0 ms. Found 0 JPA repository interfaces.
2025-04-21T21:50:10.606+02:00  INFO 23396 --- [restartedMain] o.s.b.w.embedded.tomcat.TomcatWebServer  : Tomcat initialized with port 8080 (http)
2025-04-21T21:50:10.607+02:00  INFO 23396 --- [restartedMain] o.apache.catalina.core.StandardService   : Starting service [Tomcat]
2025-04-21T21:50:10.607+02:00  INFO 23396 --- [restartedMain] o.apache.catalina.core.StandardEngine    : Starting Servlet engine: [Apache Tomcat/10.1.39]
2025-04-21T21:50:10.621+02:00  INFO 23396 --- [restartedMain] o.a.c.c.C.[Tomcat-1].[localhost].[/]     : Initializing Spring embedded WebApplicationContext
2025-04-21T21:50:10.622+02:00  INFO 23396 --- [restartedMain] w.s.c.ServletWebServerApplicationContext : Root WebApplicationContext: initialization completed in 204 ms
2025-04-21T21:50:10.660+02:00  INFO 23396 --- [restartedMain] o.hibernate.jpa.internal.util.LogHelper  : HHH000204: Processing PersistenceUnitInfo [name: default]
2025-04-21T21:50:10.663+02:00  INFO 23396 --- [restartedMain] o.h.c.internal.RegionFactoryInitiator    : HHH000026: Second-level cache disabled
2025-04-21T21:50:10.671+02:00  INFO 23396 --- [restartedMain] o.s.o.j.p.SpringPersistenceUnitInfo      : No LoadTimeWeaver setup: ignoring JPA class transformer
2025-04-21T21:50:10.673+02:00  INFO 23396 --- [restartedMain] com.zaxxer.hikari.HikariDataSource       : HikariPool-2 - Starting...
2025-04-21T21:50:10.677+02:00  INFO 23396 --- [restartedMain] com.zaxxer.hikari.pool.HikariPool        : HikariPool-2 - Added connection com.mysql.cj.jdbc.ConnectionImpl@5fc2c7ff
2025-04-21T21:50:10.677+02:00  INFO 23396 --- [restartedMain] com.zaxxer.hikari.HikariDataSource       : HikariPool-2 - Start completed.
2025-04-21T21:50:10.678+02:00  WARN 23396 --- [restartedMain] org.hibernate.orm.deprecation            : HHH90000025: MySQL8Dialect does not need to be specified explicitly using 'hibernate.dialect' (remove the property setting and it will be selected by default)
2025-04-21T21:50:10.678+02:00  WARN 23396 --- [restartedMain] org.hibernate.orm.deprecation            : HHH90000026: MySQL8Dialect has been deprecated; use org.hibernate.dialect.MySQLDialect instead
2025-04-21T21:50:10.678+02:00  INFO 23396 --- [restartedMain] org.hibernate.orm.connections.pooling    : HHH10001005: Database info:
	Database JDBC URL [Connecting through datasource 'HikariDataSource (HikariPool-2)']
	Database driver: undefined/unknown
	Database version: 8.0
	Autocommit mode: undefined/unknown
	Isolation level: undefined/unknown
	Minimum pool size: undefined/unknown
	Maximum pool size: undefined/unknown
2025-04-21T21:50:10.693+02:00  INFO 23396 --- [restartedMain] o.h.e.t.j.p.i.JtaPlatformInitiator       : HHH000489: No JTA platform available (set 'hibernate.transaction.jta.platform' to enable JTA platform integration)
2025-04-21T21:50:10.694+02:00  INFO 23396 --- [restartedMain] j.LocalContainerEntityManagerFactoryBean : Initialized JPA EntityManagerFactory for persistence unit 'default'
2025-04-21T21:50:10.719+02:00  WARN 23396 --- [restartedMain] JpaBaseConfiguration$JpaWebConfiguration : spring.jpa.open-in-view is enabled by default. Therefore, database queries may be performed during view rendering. Explicitly configure spring.jpa.open-in-view to disable this warning
2025-04-21T21:50:10.734+02:00  INFO 23396 --- [restartedMain] o.s.v.b.OptionalValidatorFactoryBean     : Failed to set up a Bean Validation provider: jakarta.validation.NoProviderFoundException: Unable to create a Configuration, because no Jakarta Bean Validation provider could be found. Add a provider like Hibernate Validator (RI) to your classpath.
2025-04-21T21:50:10.997+02:00  INFO 23396 --- [restartedMain] o.s.b.d.a.OptionalLiveReloadServer       : LiveReload server is running on port 35729
2025-04-21T21:50:11.006+02:00  INFO 23396 --- [restartedMain] o.s.b.w.embedded.tomcat.TomcatWebServer  : Tomcat started on port 8080 (http) with context path '/'
2025-04-21T21:50:11.010+02:00  INFO 23396 --- [restartedMain] c.e.f.FootballTestApplication            : Started FootballTestApplication in 0.614 seconds (process running for 733.581)
2025-04-21T21:50:11.012+02:00  INFO 23396 --- [restartedMain] .ConditionEvaluationDeltaLoggingListener : Condition evaluation unchanged
2025-04-21T21:50:13.453+02:00  INFO 23396 --- [File Watcher] rtingClassPathChangeChangedEventListener : Restarting due to 21 class path changes (21 additions, 0 deletions, 0 modifications)
2025-04-21T21:50:13.455+02:00  INFO 23396 --- [Thread-7] o.s.b.w.e.tomcat.GracefulShutdown        : Commencing graceful shutdown. Waiting for active requests to complete
2025-04-21T21:50:13.515+02:00  INFO 23396 --- [tomcat-shutdown] o.s.b.w.e.tomcat.GracefulShutdown        : Graceful shutdown complete
2025-04-21T21:50:13.518+02:00  INFO 23396 --- [Thread-7] j.LocalContainerEntityManagerFactoryBean : Closing JPA EntityManagerFactory for persistence unit 'default'
2025-04-21T21:50:13.519+02:00  INFO 23396 --- [Thread-7] com.zaxxer.hikari.HikariDataSource       : HikariPool-2 - Shutdown initiated...
2025-04-21T21:50:13.525+02:00  INFO 23396 --- [Thread-7] com.zaxxer.hikari.HikariDataSource       : HikariPool-2 - Shutdown completed.
2025-04-21T21:50:13.606+02:00  INFO 23396 --- [restartedMain] c.e.f.FootballTestApplication            : Starting FootballTestApplication using Java 17.0.12 with PID 23396 (C:\Users\user\Desktop\footballTest\target\classes started by user in C:\Users\user\Desktop\footballTest)
2025-04-21T21:50:13.607+02:00 DEBUG 23396 --- [restartedMain] c.e.f.FootballTestApplication            : Running with Spring Boot v3.4.4, Spring v6.2.5
2025-04-21T21:50:13.607+02:00  INFO 23396 --- [restartedMain] c.e.f.FootballTestApplication            : No active profile set, falling back to 1 default profile: "default"
2025-04-21T21:50:13.758+02:00  INFO 23396 --- [restartedMain] .s.d.r.c.RepositoryConfigurationDelegate : Bootstrapping Spring Data JPA repositories in DEFAULT mode.
2025-04-21T21:50:13.767+02:00  INFO 23396 --- [restartedMain] .s.d.r.c.RepositoryConfigurationDelegate : Finished Spring Data repository scanning in 7 ms. Found 1 JPA repository interface.
2025-04-21T21:50:13.826+02:00  INFO 23396 --- [restartedMain] o.s.b.w.embedded.tomcat.TomcatWebServer  : Tomcat initialized with port 8080 (http)
2025-04-21T21:50:13.827+02:00  INFO 23396 --- [restartedMain] o.apache.catalina.core.StandardService   : Starting service [Tomcat]
2025-04-21T21:50:13.828+02:00  INFO 23396 --- [restartedMain] o.apache.catalina.core.StandardEngine    : Starting Servlet engine: [Apache Tomcat/10.1.39]
2025-04-21T21:50:13.841+02:00  INFO 23396 --- [restartedMain] o.a.c.c.C.[Tomcat-1].[localhost].[/]     : Initializing Spring embedded WebApplicationContext
2025-04-21T21:50:13.841+02:00  INFO 23396 --- [restartedMain] w.s.c.ServletWebServerApplicationContext : Root WebApplicationContext: initialization completed in 233 ms
2025-04-21T21:50:13.868+02:00  INFO 23396 --- [restartedMain] o.hibernate.jpa.internal.util.LogHelper  : HHH000204: Processing PersistenceUnitInfo [name: default]
2025-04-21T21:50:13.870+02:00  INFO 23396 --- [restartedMain] o.h.c.internal.RegionFactoryInitiator    : HHH000026: Second-level cache disabled
2025-04-21T21:50:13.880+02:00  INFO 23396 --- [restartedMain] o.s.o.j.p.SpringPersistenceUnitInfo      : No LoadTimeWeaver setup: ignoring JPA class transformer
2025-04-21T21:50:13.880+02:00  INFO 23396 --- [restartedMain] com.zaxxer.hikari.HikariDataSource       : HikariPool-3 - Starting...
2025-04-21T21:50:13.884+02:00  INFO 23396 --- [restartedMain] com.zaxxer.hikari.pool.HikariPool        : HikariPool-3 - Added connection com.mysql.cj.jdbc.ConnectionImpl@582efa9a
2025-04-21T21:50:13.884+02:00  INFO 23396 --- [restartedMain] com.zaxxer.hikari.HikariDataSource       : HikariPool-3 - Start completed.
2025-04-21T21:50:13.884+02:00  WARN 23396 --- [restartedMain] org.hibernate.orm.deprecation            : HHH90000025: MySQL8Dialect does not need to be specified explicitly using 'hibernate.dialect' (remove the property setting and it will be selected by default)
2025-04-21T21:50:13.885+02:00  WARN 23396 --- [restartedMain] org.hibernate.orm.deprecation            : HHH90000026: MySQL8Dialect has been deprecated; use org.hibernate.dialect.MySQLDialect instead
2025-04-21T21:50:13.885+02:00  INFO 23396 --- [restartedMain] org.hibernate.orm.connections.pooling    : HHH10001005: Database info:
	Database JDBC URL [Connecting through datasource 'HikariDataSource (HikariPool-3)']
	Database driver: undefined/unknown
	Database version: 8.0
	Autocommit mode: undefined/unknown
	Isolation level: undefined/unknown
	Minimum pool size: undefined/unknown
	Maximum pool size: undefined/unknown
2025-04-21T21:50:13.922+02:00  INFO 23396 --- [restartedMain] o.h.e.t.j.p.i.JtaPlatformInitiator       : HHH000489: No JTA platform available (set 'hibernate.transaction.jta.platform' to enable JTA platform integration)
2025-04-21T21:50:13.934+02:00  INFO 23396 --- [restartedMain] j.LocalContainerEntityManagerFactoryBean : Initialized JPA EntityManagerFactory for persistence unit 'default'
2025-04-21T21:50:14.010+02:00  WARN 23396 --- [restartedMain] JpaBaseConfiguration$JpaWebConfiguration : spring.jpa.open-in-view is enabled by default. Therefore, database queries may be performed during view rendering. Explicitly configure spring.jpa.open-in-view to disable this warning
2025-04-21T21:50:14.021+02:00  INFO 23396 --- [restartedMain] o.s.v.b.OptionalValidatorFactoryBean     : Failed to set up a Bean Validation provider: jakarta.validation.NoProviderFoundException: Unable to create a Configuration, because no Jakarta Bean Validation provider could be found. Add a provider like Hibernate Validator (RI) to your classpath.
2025-04-21T21:50:14.265+02:00  INFO 23396 --- [restartedMain] o.s.b.d.a.OptionalLiveReloadServer       : LiveReload server is running on port 35729
2025-04-21T21:50:14.272+02:00  INFO 23396 --- [restartedMain] o.s.b.w.embedded.tomcat.TomcatWebServer  : Tomcat started on port 8080 (http) with context path '/'
2025-04-21T21:50:14.276+02:00  INFO 23396 --- [restartedMain] c.e.f.FootballTestApplication            : Started FootballTestApplication in 0.688 seconds (process running for 736.846)
2025-04-21T21:50:14.277+02:00  INFO 23396 --- [restartedMain] .ConditionEvaluationDeltaLoggingListener : Condition evaluation unchanged
2025-04-21T21:50:18.120+02:00  INFO 23396 --- [File Watcher] rtingClassPathChangeChangedEventListener : Restarting due to 22 class path changes (0 additions, 21 deletions, 1 modification)
2025-04-21T21:50:18.121+02:00  INFO 23396 --- [Thread-14] o.s.b.w.e.tomcat.GracefulShutdown        : Commencing graceful shutdown. Waiting for active requests to complete
2025-04-21T21:50:18.148+02:00  INFO 23396 --- [tomcat-shutdown] o.s.b.w.e.tomcat.GracefulShutdown        : Graceful shutdown complete
2025-04-21T21:50:18.150+02:00  INFO 23396 --- [Thread-14] j.LocalContainerEntityManagerFactoryBean : Closing JPA EntityManagerFactory for persistence unit 'default'
2025-04-21T21:50:18.150+02:00  INFO 23396 --- [Thread-14] com.zaxxer.hikari.HikariDataSource       : HikariPool-3 - Shutdown initiated...
2025-04-21T21:50:18.152+02:00  INFO 23396 --- [Thread-14] com.zaxxer.hikari.HikariDataSource       : HikariPool-3 - Shutdown completed.
2025-04-21T21:50:18.211+02:00  INFO 23396 --- [restartedMain] c.e.f.FootballTestApplication            : Starting FootballTestApplication using Java 17.0.12 with PID 23396 (C:\Users\user\Desktop\footballTest\target\classes started by user in C:\Users\user\Desktop\footballTest)
2025-04-21T21:50:18.211+02:00 DEBUG 23396 --- [restartedMain] c.e.f.FootballTestApplication            : Running with Spring Boot v3.4.4, Spring v6.2.5
2025-04-21T21:50:18.212+02:00  INFO 23396 --- [restartedMain] c.e.f.FootballTestApplication            : No active profile set, falling back to 1 default profile: "default"
2025-04-21T21:50:18.330+02:00  INFO 23396 --- [restartedMain] .s.d.r.c.RepositoryConfigurationDelegate : Bootstrapping Spring Data JPA repositories in DEFAULT mode.
2025-04-21T21:50:18.331+02:00  INFO 23396 --- [restartedMain] .s.d.r.c.RepositoryConfigurationDelegate : Finished Spring Data repository scanning in 0 ms. Found 0 JPA repository interfaces.
2025-04-21T21:50:18.389+02:00  INFO 23396 --- [restartedMain] o.s.b.w.embedded.tomcat.TomcatWebServer  : Tomcat initialized with port 8080 (http)
2025-04-21T21:50:18.391+02:00  INFO 23396 --- [restartedMain] o.apache.catalina.core.StandardService   : Starting service [Tomcat]
2025-04-21T21:50:18.391+02:00  INFO 23396 --- [restartedMain] o.apache.catalina.core.StandardEngine    : Starting Servlet engine: [Apache Tomcat/10.1.39]
2025-04-21T21:50:18.403+02:00  INFO 23396 --- [restartedMain] o.a.c.c.C.[Tomcat-1].[localhost].[/]     : Initializing Spring embedded WebApplicationContext
2025-04-21T21:50:18.403+02:00  INFO 23396 --- [restartedMain] w.s.c.ServletWebServerApplicationContext : Root WebApplicationContext: initialization completed in 190 ms
2025-04-21T21:50:18.423+02:00  INFO 23396 --- [restartedMain] o.hibernate.jpa.internal.util.LogHelper  : HHH000204: Processing PersistenceUnitInfo [name: default]
2025-04-21T21:50:18.425+02:00  INFO 23396 --- [restartedMain] o.h.c.internal.RegionFactoryInitiator    : HHH000026: Second-level cache disabled
2025-04-21T21:50:18.430+02:00  INFO 23396 --- [restartedMain] o.s.o.j.p.SpringPersistenceUnitInfo      : No LoadTimeWeaver setup: ignoring JPA class transformer
2025-04-21T21:50:18.431+02:00  INFO 23396 --- [restartedMain] com.zaxxer.hikari.HikariDataSource       : HikariPool-4 - Starting...
2025-04-21T21:50:18.435+02:00  INFO 23396 --- [restartedMain] com.zaxxer.hikari.pool.HikariPool        : HikariPool-4 - Added connection com.mysql.cj.jdbc.ConnectionImpl@480bcd24
2025-04-21T21:50:18.435+02:00  INFO 23396 --- [restartedMain] com.zaxxer.hikari.HikariDataSource       : HikariPool-4 - Start completed.
2025-04-21T21:50:18.435+02:00  WARN 23396 --- [restartedMain] org.hibernate.orm.deprecation            : HHH90000025: MySQL8Dialect does not need to be specified explicitly using 'hibernate.dialect' (remove the property setting and it will be selected by default)
2025-04-21T21:50:18.435+02:00  WARN 23396 --- [restartedMain] org.hibernate.orm.deprecation            : HHH90000026: MySQL8Dialect has been deprecated; use org.hibernate.dialect.MySQLDialect instead
2025-04-21T21:50:18.436+02:00  INFO 23396 --- [restartedMain] org.hibernate.orm.connections.pooling    : HHH10001005: Database info:
	Database JDBC URL [Connecting through datasource 'HikariDataSource (HikariPool-4)']
	Database driver: undefined/unknown
	Database version: 8.0
	Autocommit mode: undefined/unknown
	Isolation level: undefined/unknown
	Minimum pool size: undefined/unknown
	Maximum pool size: undefined/unknown
2025-04-21T21:50:18.447+02:00  INFO 23396 --- [restartedMain] o.h.e.t.j.p.i.JtaPlatformInitiator       : HHH000489: No JTA platform available (set 'hibernate.transaction.jta.platform' to enable JTA platform integration)
2025-04-21T21:50:18.447+02:00  INFO 23396 --- [restartedMain] j.LocalContainerEntityManagerFactoryBean : Initialized JPA EntityManagerFactory for persistence unit 'default'
2025-04-21T21:50:18.470+02:00  WARN 23396 --- [restartedMain] JpaBaseConfiguration$JpaWebConfiguration : spring.jpa.open-in-view is enabled by default. Therefore, database queries may be performed during view rendering. Explicitly configure spring.jpa.open-in-view to disable this warning
2025-04-21T21:50:18.481+02:00  INFO 23396 --- [restartedMain] o.s.v.b.OptionalValidatorFactoryBean     : Failed to set up a Bean Validation provider: jakarta.validation.NoProviderFoundException: Unable to create a Configuration, because no Jakarta Bean Validation provider could be found. Add a provider like Hibernate Validator (RI) to your classpath.
2025-04-21T21:50:18.693+02:00  INFO 23396 --- [restartedMain] o.s.b.d.a.OptionalLiveReloadServer       : LiveReload server is running on port 35729
2025-04-21T21:50:18.701+02:00  INFO 23396 --- [restartedMain] o.s.b.w.embedded.tomcat.TomcatWebServer  : Tomcat started on port 8080 (http) with context path '/'
2025-04-21T21:50:18.705+02:00  INFO 23396 --- [restartedMain] c.e.f.FootballTestApplication            : Started FootballTestApplication in 0.515 seconds (process running for 741.276)
2025-04-21T21:50:18.706+02:00  INFO 23396 --- [restartedMain] .ConditionEvaluationDeltaLoggingListener : Condition evaluation unchanged
2025-04-21T21:50:21.576+02:00  INFO 23396 --- [File Watcher] rtingClassPathChangeChangedEventListener : Restarting due to 21 class path changes (21 additions, 0 deletions, 0 modifications)
2025-04-21T21:50:21.577+02:00  INFO 23396 --- [Thread-18] o.s.b.w.e.tomcat.GracefulShutdown        : Commencing graceful shutdown. Waiting for active requests to complete
2025-04-21T21:50:21.626+02:00  INFO 23396 --- [tomcat-shutdown] o.s.b.w.e.tomcat.GracefulShutdown        : Graceful shutdown complete
2025-04-21T21:50:21.628+02:00  INFO 23396 --- [Thread-18] j.LocalContainerEntityManagerFactoryBean : Closing JPA EntityManagerFactory for persistence unit 'default'
2025-04-21T21:50:21.629+02:00  INFO 23396 --- [Thread-18] com.zaxxer.hikari.HikariDataSource       : HikariPool-4 - Shutdown initiated...
2025-04-21T21:50:21.634+02:00  INFO 23396 --- [Thread-18] com.zaxxer.hikari.HikariDataSource       : HikariPool-4 - Shutdown completed.
2025-04-21T21:50:21.757+02:00  INFO 23396 --- [restartedMain] c.e.f.FootballTestApplication            : Starting FootballTestApplication using Java 17.0.12 with PID 23396 (C:\Users\user\Desktop\footballTest\target\classes started by user in C:\Users\user\Desktop\footballTest)
2025-04-21T21:50:21.757+02:00 DEBUG 23396 --- [restartedMain] c.e.f.FootballTestApplication            : Running with Spring Boot v3.4.4, Spring v6.2.5
2025-04-21T21:50:21.758+02:00  INFO 23396 --- [restartedMain] c.e.f.FootballTestApplication            : No active profile set, falling back to 1 default profile: "default"
2025-04-21T21:50:22.104+02:00  INFO 23396 --- [restartedMain] .s.d.r.c.RepositoryConfigurationDelegate : Bootstrapping Spring Data JPA repositories in DEFAULT mode.
2025-04-21T21:50:22.138+02:00  INFO 23396 --- [restartedMain] .s.d.r.c.RepositoryConfigurationDelegate : Finished Spring Data repository scanning in 32 ms. Found 1 JPA repository interface.
2025-04-21T21:50:22.252+02:00  INFO 23396 --- [restartedMain] o.s.b.w.embedded.tomcat.TomcatWebServer  : Tomcat initialized with port 8080 (http)
2025-04-21T21:50:22.253+02:00  INFO 23396 --- [restartedMain] o.apache.catalina.core.StandardService   : Starting service [Tomcat]
2025-04-21T21:50:22.253+02:00  INFO 23396 --- [restartedMain] o.apache.catalina.core.StandardEngine    : Starting Servlet engine: [Apache Tomcat/10.1.39]
2025-04-21T21:50:22.274+02:00  INFO 23396 --- [restartedMain] o.a.c.c.C.[Tomcat-1].[localhost].[/]     : Initializing Spring embedded WebApplicationContext
2025-04-21T21:50:22.275+02:00  INFO 23396 --- [restartedMain] w.s.c.ServletWebServerApplicationContext : Root WebApplicationContext: initialization completed in 515 ms
2025-04-21T21:50:22.411+02:00  INFO 23396 --- [restartedMain] o.hibernate.jpa.internal.util.LogHelper  : HHH000204: Processing PersistenceUnitInfo [name: default]
2025-04-21T21:50:22.413+02:00  INFO 23396 --- [restartedMain] o.h.c.internal.RegionFactoryInitiator    : HHH000026: Second-level cache disabled
2025-04-21T21:50:22.423+02:00  INFO 23396 --- [restartedMain] o.s.o.j.p.SpringPersistenceUnitInfo      : No LoadTimeWeaver setup: ignoring JPA class transformer
2025-04-21T21:50:22.424+02:00  INFO 23396 --- [restartedMain] com.zaxxer.hikari.HikariDataSource       : HikariPool-5 - Starting...
2025-04-21T21:50:22.427+02:00  INFO 23396 --- [restartedMain] com.zaxxer.hikari.pool.HikariPool        : HikariPool-5 - Added connection com.mysql.cj.jdbc.ConnectionImpl@52ec9733
2025-04-21T21:50:22.427+02:00  INFO 23396 --- [restartedMain] com.zaxxer.hikari.HikariDataSource       : HikariPool-5 - Start completed.
2025-04-21T21:50:22.427+02:00  WARN 23396 --- [restartedMain] org.hibernate.orm.deprecation            : HHH90000025: MySQL8Dialect does not need to be specified explicitly using 'hibernate.dialect' (remove the property setting and it will be selected by default)
2025-04-21T21:50:22.427+02:00  WARN 23396 --- [restartedMain] org.hibernate.orm.deprecation            : HHH90000026: MySQL8Dialect has been deprecated; use org.hibernate.dialect.MySQLDialect instead
2025-04-21T21:50:22.428+02:00  INFO 23396 --- [restartedMain] org.hibernate.orm.connections.pooling    : HHH10001005: Database info:
	Database JDBC URL [Connecting through datasource 'HikariDataSource (HikariPool-5)']
	Database driver: undefined/unknown
	Database version: 8.0
	Autocommit mode: undefined/unknown
	Isolation level: undefined/unknown
	Minimum pool size: undefined/unknown
	Maximum pool size: undefined/unknown
2025-04-21T21:50:22.493+02:00  INFO 23396 --- [restartedMain] o.h.e.t.j.p.i.JtaPlatformInitiator       : HHH000489: No JTA platform available (set 'hibernate.transaction.jta.platform' to enable JTA platform integration)
2025-04-21T21:50:22.507+02:00  INFO 23396 --- [restartedMain] j.LocalContainerEntityManagerFactoryBean : Initialized JPA EntityManagerFactory for persistence unit 'default'
2025-04-21T21:50:22.631+02:00  WARN 23396 --- [restartedMain] JpaBaseConfiguration$JpaWebConfiguration : spring.jpa.open-in-view is enabled by default. Therefore, database queries may be performed during view rendering. Explicitly configure spring.jpa.open-in-view to disable this warning
2025-04-21T21:50:22.655+02:00  INFO 23396 --- [restartedMain] o.s.v.b.OptionalValidatorFactoryBean     : Failed to set up a Bean Validation provider: jakarta.validation.NoProviderFoundException: Unable to create a Configuration, because no Jakarta Bean Validation provider could be found. Add a provider like Hibernate Validator (RI) to your classpath.
2025-04-21T21:50:23.402+02:00  INFO 23396 --- [restartedMain] o.s.b.d.a.OptionalLiveReloadServer       : LiveReload server is running on port 35729
2025-04-21T21:50:23.425+02:00  INFO 23396 --- [restartedMain] o.s.b.w.embedded.tomcat.TomcatWebServer  : Tomcat started on port 8080 (http) with context path '/'
2025-04-21T21:50:23.433+02:00  INFO 23396 --- [restartedMain] c.e.f.FootballTestApplication            : Started FootballTestApplication in 1.715 seconds (process running for 746.003)
2025-04-21T21:50:23.435+02:00  INFO 23396 --- [restartedMain] .ConditionEvaluationDeltaLoggingListener : Condition evaluation unchanged
2025-04-21T21:52:30.720+02:00  INFO 23396 --- [File Watcher] rtingClassPathChangeChangedEventListener : Restarting due to 2 class path changes (0 additions, 2 deletions, 0 modifications)
2025-04-21T21:52:30.721+02:00  INFO 23396 --- [Thread-22] o.s.b.w.e.tomcat.GracefulShutdown        : Commencing graceful shutdown. Waiting for active requests to complete
2025-04-21T21:52:30.750+02:00  INFO 23396 --- [tomcat-shutdown] o.s.b.w.e.tomcat.GracefulShutdown        : Graceful shutdown complete
2025-04-21T21:52:30.751+02:00  INFO 23396 --- [Thread-22] j.LocalContainerEntityManagerFactoryBean : Closing JPA EntityManagerFactory for persistence unit 'default'
2025-04-21T21:52:30.751+02:00  INFO 23396 --- [Thread-22] com.zaxxer.hikari.HikariDataSource       : HikariPool-5 - Shutdown initiated...
2025-04-21T21:52:30.753+02:00  INFO 23396 --- [Thread-22] com.zaxxer.hikari.HikariDataSource       : HikariPool-5 - Shutdown completed.
2025-04-21T21:52:30.808+02:00  INFO 23396 --- [restartedMain] c.e.f.FootballTestApplication            : Starting FootballTestApplication using Java 17.0.12 with PID 23396 (C:\Users\user\Desktop\footballTest\target\classes started by user in C:\Users\user\Desktop\footballTest)
2025-04-21T21:52:30.808+02:00 DEBUG 23396 --- [restartedMain] c.e.f.FootballTestApplication            : Running with Spring Boot v3.4.4, Spring v6.2.5
2025-04-21T21:52:30.808+02:00  INFO 23396 --- [restartedMain] c.e.f.FootballTestApplication            : No active profile set, falling back to 1 default profile: "default"
2025-04-21T21:52:30.816+02:00  WARN 23396 --- [restartedMain] ConfigServletWebServerApplicationContext : Exception encountered during context initialization - cancelling refresh attempt: org.springframework.beans.factory.BeanDefinitionStoreException: I/O failure while processing configuration class [com.example.footballtest.mapper.EquipeMapperImpl]
2025-04-21T21:52:30.819+02:00 ERROR 23396 --- [restartedMain] o.s.boot.SpringApplication               : Application run failed

org.springframework.beans.factory.BeanDefinitionStoreException: I/O failure while processing configuration class [com.example.footballtest.mapper.EquipeMapperImpl]
	at org.springframework.context.annotation.ConfigurationClassParser.processConfigurationClass(ConfigurationClassParser.java:285) ~[spring-context-6.2.5.jar:6.2.5]
	at org.springframework.context.annotation.ConfigurationClassParser.parse(ConfigurationClassParser.java:217) ~[spring-context-6.2.5.jar:6.2.5]
	at org.springframework.context.annotation.ConfigurationClassParser.doProcessConfigurationClass(ConfigurationClassParser.java:353) ~[spring-context-6.2.5.jar:6.2.5]
	at org.springframework.context.annotation.ConfigurationClassParser.processConfigurationClass(ConfigurationClassParser.java:280) ~[spring-context-6.2.5.jar:6.2.5]
	at org.springframework.context.annotation.ConfigurationClassParser.parse(ConfigurationClassParser.java:203) ~[spring-context-6.2.5.jar:6.2.5]
	at org.springframework.context.annotation.ConfigurationClassParser.parse(ConfigurationClassParser.java:172) ~[spring-context-6.2.5.jar:6.2.5]
	at org.springframework.context.annotation.ConfigurationClassPostProcessor.processConfigBeanDefinitions(ConfigurationClassPostProcessor.java:418) ~[spring-context-6.2.5.jar:6.2.5]
	at org.springframework.context.annotation.ConfigurationClassPostProcessor.postProcessBeanDefinitionRegistry(ConfigurationClassPostProcessor.java:290) ~[spring-context-6.2.5.jar:6.2.5]
	at org.springframework.context.support.PostProcessorRegistrationDelegate.invokeBeanDefinitionRegistryPostProcessors(PostProcessorRegistrationDelegate.java:349) ~[spring-context-6.2.5.jar:6.2.5]
	at org.springframework.context.support.PostProcessorRegistrationDelegate.invokeBeanFactoryPostProcessors(PostProcessorRegistrationDelegate.java:118) ~[spring-context-6.2.5.jar:6.2.5]
	at org.springframework.context.support.AbstractApplicationContext.invokeBeanFactoryPostProcessors(AbstractApplicationContext.java:791) ~[spring-context-6.2.5.jar:6.2.5]
	at org.springframework.context.support.AbstractApplicationContext.refresh(AbstractApplicationContext.java:609) ~[spring-context-6.2.5.jar:6.2.5]
	at org.springframework.boot.web.servlet.context.ServletWebServerApplicationContext.refresh(ServletWebServerApplicationContext.java:146) ~[spring-boot-3.4.4.jar:3.4.4]
	at org.springframework.boot.SpringApplication.refresh(SpringApplication.java:752) ~[spring-boot-3.4.4.jar:3.4.4]
	at org.springframework.boot.SpringApplication.refreshContext(SpringApplication.java:439) ~[spring-boot-3.4.4.jar:3.4.4]
	at org.springframework.boot.SpringApplication.run(SpringApplication.java:318) ~[spring-boot-3.4.4.jar:3.4.4]
	at org.springframework.boot.SpringApplication.run(SpringApplication.java:1361) ~[spring-boot-3.4.4.jar:3.4.4]
	at org.springframework.boot.SpringApplication.run(SpringApplication.java:1350) ~[spring-boot-3.4.4.jar:3.4.4]
	at com.example.footballtest.FootballTestApplication.main(FootballTestApplication.java:10) ~[classes/:na]
	at java.base/jdk.internal.reflect.NativeMethodAccessorImpl.invoke0(Native Method) ~[na:na]
	at java.base/jdk.internal.reflect.NativeMethodAccessorImpl.invoke(NativeMethodAccessorImpl.java:77) ~[na:na]
	at java.base/jdk.internal.reflect.DelegatingMethodAccessorImpl.invoke(DelegatingMethodAccessorImpl.java:43) ~[na:na]
	at java.base/java.lang.reflect.Method.invoke(Method.java:568) ~[na:na]
	at org.springframework.boot.devtools.restart.RestartLauncher.run(RestartLauncher.java:50) ~[spring-boot-devtools-3.4.4.jar:3.4.4]
Caused by: java.io.FileNotFoundException: class path resource [com/example/footballtest/mapper/EquipeMapper.class] cannot be opened because it does not exist
	at org.springframework.core.io.ClassPathResource.getInputStream(ClassPathResource.java:215) ~[spring-core-6.2.5.jar:6.2.5]
	at org.springframework.core.type.classreading.SimpleMetadataReader.getClassReader(SimpleMetadataReader.java:54) ~[spring-core-6.2.5.jar:6.2.5]
	at org.springframework.core.type.classreading.SimpleMetadataReader.<init>(SimpleMetadataReader.java:48) ~[spring-core-6.2.5.jar:6.2.5]
	at org.springframework.core.type.classreading.SimpleMetadataReaderFactory.getMetadataReader(SimpleMetadataReaderFactory.java:103) ~[spring-core-6.2.5.jar:6.2.5]
	at org.springframework.boot.type.classreading.ConcurrentReferenceCachingMetadataReaderFactory.createMetadataReader(ConcurrentReferenceCachingMetadataReaderFactory.java:98) ~[spring-boot-3.4.4.jar:3.4.4]
	at org.springframework.boot.type.classreading.ConcurrentReferenceCachingMetadataReaderFactory.getMetadataReader(ConcurrentReferenceCachingMetadataReaderFactory.java:85) ~[spring-boot-3.4.4.jar:3.4.4]
	at org.springframework.core.type.classreading.SimpleMetadataReaderFactory.getMetadataReader(SimpleMetadataReaderFactory.java:81) ~[spring-core-6.2.5.jar:6.2.5]
	at org.springframework.boot.type.classreading.ConcurrentReferenceCachingMetadataReaderFactory.getMetadataReader(ConcurrentReferenceCachingMetadataReaderFactory.java:75) ~[spring-boot-3.4.4.jar:3.4.4]
	at org.springframework.context.annotation.ConfigurationClassParser.asSourceClass(ConfigurationClassParser.java:710) ~[spring-context-6.2.5.jar:6.2.5]
	at org.springframework.context.annotation.ConfigurationClassParser$SourceClass.getInterfaces(ConfigurationClassParser.java:1059) ~[spring-context-6.2.5.jar:6.2.5]
	at org.springframework.context.annotation.ConfigurationClassParser.processInterfaces(ConfigurationClassParser.java:440) ~[spring-context-6.2.5.jar:6.2.5]
	at org.springframework.context.annotation.ConfigurationClassParser.doProcessConfigurationClass(ConfigurationClassParser.java:384) ~[spring-context-6.2.5.jar:6.2.5]
	at org.springframework.context.annotation.ConfigurationClassParser.processConfigurationClass(ConfigurationClassParser.java:280) ~[spring-context-6.2.5.jar:6.2.5]
	... 23 common frames omitted

2025-04-21T21:52:32.271+02:00  INFO 23396 --- [restartedMain] c.e.f.FootballTestApplication            : Starting FootballTestApplication using Java 17.0.12 with PID 23396 (C:\Users\user\Desktop\footballTest\target\classes started by user in C:\Users\user\Desktop\footballTest)
2025-04-21T21:52:32.272+02:00 DEBUG 23396 --- [restartedMain] c.e.f.FootballTestApplication            : Running with Spring Boot v3.4.4, Spring v6.2.5
2025-04-21T21:52:32.272+02:00  INFO 23396 --- [restartedMain] c.e.f.FootballTestApplication            : No active profile set, falling back to 1 default profile: "default"
2025-04-21T21:52:32.276+02:00  WARN 23396 --- [restartedMain] ConfigServletWebServerApplicationContext : Exception encountered during context initialization - cancelling refresh attempt: org.springframework.beans.factory.BeanDefinitionStoreException: I/O failure while processing configuration class [com.example.footballtest.mapper.EquipeMapperImpl]
2025-04-21T21:52:32.278+02:00 ERROR 23396 --- [restartedMain] o.s.boot.SpringApplication               : Application run failed

org.springframework.beans.factory.BeanDefinitionStoreException: I/O failure while processing configuration class [com.example.footballtest.mapper.EquipeMapperImpl]
	at org.springframework.context.annotation.ConfigurationClassParser.processConfigurationClass(ConfigurationClassParser.java:285) ~[spring-context-6.2.5.jar:6.2.5]
	at org.springframework.context.annotation.ConfigurationClassParser.parse(ConfigurationClassParser.java:217) ~[spring-context-6.2.5.jar:6.2.5]
	at org.springframework.context.annotation.ConfigurationClassParser.doProcessConfigurationClass(ConfigurationClassParser.java:353) ~[spring-context-6.2.5.jar:6.2.5]
	at org.springframework.context.annotation.ConfigurationClassParser.processConfigurationClass(ConfigurationClassParser.java:280) ~[spring-context-6.2.5.jar:6.2.5]
	at org.springframework.context.annotation.ConfigurationClassParser.parse(ConfigurationClassParser.java:203) ~[spring-context-6.2.5.jar:6.2.5]
	at org.springframework.context.annotation.ConfigurationClassParser.parse(ConfigurationClassParser.java:172) ~[spring-context-6.2.5.jar:6.2.5]
	at org.springframework.context.annotation.ConfigurationClassPostProcessor.processConfigBeanDefinitions(ConfigurationClassPostProcessor.java:418) ~[spring-context-6.2.5.jar:6.2.5]
	at org.springframework.context.annotation.ConfigurationClassPostProcessor.postProcessBeanDefinitionRegistry(ConfigurationClassPostProcessor.java:290) ~[spring-context-6.2.5.jar:6.2.5]
	at org.springframework.context.support.PostProcessorRegistrationDelegate.invokeBeanDefinitionRegistryPostProcessors(PostProcessorRegistrationDelegate.java:349) ~[spring-context-6.2.5.jar:6.2.5]
	at org.springframework.context.support.PostProcessorRegistrationDelegate.invokeBeanFactoryPostProcessors(PostProcessorRegistrationDelegate.java:118) ~[spring-context-6.2.5.jar:6.2.5]
	at org.springframework.context.support.AbstractApplicationContext.invokeBeanFactoryPostProcessors(AbstractApplicationContext.java:791) ~[spring-context-6.2.5.jar:6.2.5]
	at org.springframework.context.support.AbstractApplicationContext.refresh(AbstractApplicationContext.java:609) ~[spring-context-6.2.5.jar:6.2.5]
	at org.springframework.boot.web.servlet.context.ServletWebServerApplicationContext.refresh(ServletWebServerApplicationContext.java:146) ~[spring-boot-3.4.4.jar:3.4.4]
	at org.springframework.boot.SpringApplication.refresh(SpringApplication.java:752) ~[spring-boot-3.4.4.jar:3.4.4]
	at org.springframework.boot.SpringApplication.refreshContext(SpringApplication.java:439) ~[spring-boot-3.4.4.jar:3.4.4]
	at org.springframework.boot.SpringApplication.run(SpringApplication.java:318) ~[spring-boot-3.4.4.jar:3.4.4]
	at org.springframework.boot.SpringApplication.run(SpringApplication.java:1361) ~[spring-boot-3.4.4.jar:3.4.4]
	at org.springframework.boot.SpringApplication.run(SpringApplication.java:1350) ~[spring-boot-3.4.4.jar:3.4.4]
	at com.example.footballtest.FootballTestApplication.main(FootballTestApplication.java:10) ~[classes/:na]
	at java.base/jdk.internal.reflect.NativeMethodAccessorImpl.invoke0(Native Method) ~[na:na]
	at java.base/jdk.internal.reflect.NativeMethodAccessorImpl.invoke(NativeMethodAccessorImpl.java:77) ~[na:na]
	at java.base/jdk.internal.reflect.DelegatingMethodAccessorImpl.invoke(DelegatingMethodAccessorImpl.java:43) ~[na:na]
	at java.base/java.lang.reflect.Method.invoke(Method.java:568) ~[na:na]
	at org.springframework.boot.devtools.restart.RestartLauncher.run(RestartLauncher.java:50) ~[spring-boot-devtools-3.4.4.jar:3.4.4]
Caused by: java.io.FileNotFoundException: class path resource [com/example/footballtest/mapper/EquipeMapper.class] cannot be opened because it does not exist
	at org.springframework.core.io.ClassPathResource.getInputStream(ClassPathResource.java:215) ~[spring-core-6.2.5.jar:6.2.5]
	at org.springframework.core.type.classreading.SimpleMetadataReader.getClassReader(SimpleMetadataReader.java:54) ~[spring-core-6.2.5.jar:6.2.5]
	at org.springframework.core.type.classreading.SimpleMetadataReader.<init>(SimpleMetadataReader.java:48) ~[spring-core-6.2.5.jar:6.2.5]
	at org.springframework.core.type.classreading.SimpleMetadataReaderFactory.getMetadataReader(SimpleMetadataReaderFactory.java:103) ~[spring-core-6.2.5.jar:6.2.5]
	at org.springframework.boot.type.classreading.ConcurrentReferenceCachingMetadataReaderFactory.createMetadataReader(ConcurrentReferenceCachingMetadataReaderFactory.java:98) ~[spring-boot-3.4.4.jar:3.4.4]
	at org.springframework.boot.type.classreading.ConcurrentReferenceCachingMetadataReaderFactory.getMetadataReader(ConcurrentReferenceCachingMetadataReaderFactory.java:85) ~[spring-boot-3.4.4.jar:3.4.4]
	at org.springframework.core.type.classreading.SimpleMetadataReaderFactory.getMetadataReader(SimpleMetadataReaderFactory.java:81) ~[spring-core-6.2.5.jar:6.2.5]
	at org.springframework.boot.type.classreading.ConcurrentReferenceCachingMetadataReaderFactory.getMetadataReader(ConcurrentReferenceCachingMetadataReaderFactory.java:75) ~[spring-boot-3.4.4.jar:3.4.4]
	at org.springframework.context.annotation.ConfigurationClassParser.asSourceClass(ConfigurationClassParser.java:710) ~[spring-context-6.2.5.jar:6.2.5]
	at org.springframework.context.annotation.ConfigurationClassParser$SourceClass.getInterfaces(ConfigurationClassParser.java:1059) ~[spring-context-6.2.5.jar:6.2.5]
	at org.springframework.context.annotation.ConfigurationClassParser.processInterfaces(ConfigurationClassParser.java:440) ~[spring-context-6.2.5.jar:6.2.5]
	at org.springframework.context.annotation.ConfigurationClassParser.doProcessConfigurationClass(ConfigurationClassParser.java:384) ~[spring-context-6.2.5.jar:6.2.5]
	at org.springframework.context.annotation.ConfigurationClassParser.processConfigurationClass(ConfigurationClassParser.java:280) ~[spring-context-6.2.5.jar:6.2.5]
	... 23 common frames omitted

2025-04-21T21:52:34.752+02:00  INFO 23396 --- [restartedMain] c.e.f.FootballTestApplication            : Starting FootballTestApplication using Java 17.0.12 with PID 23396 (C:\Users\user\Desktop\footballTest\target\classes started by user in C:\Users\user\Desktop\footballTest)
2025-04-21T21:52:34.752+02:00 DEBUG 23396 --- [restartedMain] c.e.f.FootballTestApplication            : Running with Spring Boot v3.4.4, Spring v6.2.5
2025-04-21T21:52:34.752+02:00  INFO 23396 --- [restartedMain] c.e.f.FootballTestApplication            : No active profile set, falling back to 1 default profile: "default"
2025-04-21T21:52:34.977+02:00  INFO 23396 --- [restartedMain] .s.d.r.c.RepositoryConfigurationDelegate : Bootstrapping Spring Data JPA repositories in DEFAULT mode.
2025-04-21T21:52:34.998+02:00  INFO 23396 --- [restartedMain] .s.d.r.c.RepositoryConfigurationDelegate : Finished Spring Data repository scanning in 20 ms. Found 1 JPA repository interface.
2025-04-21T21:52:35.060+02:00  INFO 23396 --- [restartedMain] o.s.b.w.embedded.tomcat.TomcatWebServer  : Tomcat initialized with port 8080 (http)
2025-04-21T21:52:35.061+02:00  INFO 23396 --- [restartedMain] o.apache.catalina.core.StandardService   : Starting service [Tomcat]
2025-04-21T21:52:35.061+02:00  INFO 23396 --- [restartedMain] o.apache.catalina.core.StandardEngine    : Starting Servlet engine: [Apache Tomcat/10.1.39]
2025-04-21T21:52:35.072+02:00  INFO 23396 --- [restartedMain] o.a.c.c.C.[Tomcat-1].[localhost].[/]     : Initializing Spring embedded WebApplicationContext
2025-04-21T21:52:35.072+02:00  INFO 23396 --- [restartedMain] w.s.c.ServletWebServerApplicationContext : Root WebApplicationContext: initialization completed in 318 ms
2025-04-21T21:52:35.093+02:00  INFO 23396 --- [restartedMain] o.hibernate.jpa.internal.util.LogHelper  : HHH000204: Processing PersistenceUnitInfo [name: default]
2025-04-21T21:52:35.094+02:00  INFO 23396 --- [restartedMain] o.h.c.internal.RegionFactoryInitiator    : HHH000026: Second-level cache disabled
2025-04-21T21:52:35.100+02:00  INFO 23396 --- [restartedMain] o.s.o.j.p.SpringPersistenceUnitInfo      : No LoadTimeWeaver setup: ignoring JPA class transformer
2025-04-21T21:52:35.100+02:00  INFO 23396 --- [restartedMain] com.zaxxer.hikari.HikariDataSource       : HikariPool-6 - Starting...
2025-04-21T21:52:35.103+02:00  INFO 23396 --- [restartedMain] com.zaxxer.hikari.pool.HikariPool        : HikariPool-6 - Added connection com.mysql.cj.jdbc.ConnectionImpl@7b17c8e5
2025-04-21T21:52:35.104+02:00  INFO 23396 --- [restartedMain] com.zaxxer.hikari.HikariDataSource       : HikariPool-6 - Start completed.
2025-04-21T21:52:35.104+02:00  WARN 23396 --- [restartedMain] org.hibernate.orm.deprecation            : HHH90000025: MySQL8Dialect does not need to be specified explicitly using 'hibernate.dialect' (remove the property setting and it will be selected by default)
2025-04-21T21:52:35.104+02:00  WARN 23396 --- [restartedMain] org.hibernate.orm.deprecation            : HHH90000026: MySQL8Dialect has been deprecated; use org.hibernate.dialect.MySQLDialect instead
2025-04-21T21:52:35.104+02:00  INFO 23396 --- [restartedMain] org.hibernate.orm.connections.pooling    : HHH10001005: Database info:
	Database JDBC URL [Connecting through datasource 'HikariDataSource (HikariPool-6)']
	Database driver: undefined/unknown
	Database version: 8.0
	Autocommit mode: undefined/unknown
	Isolation level: undefined/unknown
	Minimum pool size: undefined/unknown
	Maximum pool size: undefined/unknown
2025-04-21T21:52:35.143+02:00  INFO 23396 --- [restartedMain] o.h.e.t.j.p.i.JtaPlatformInitiator       : HHH000489: No JTA platform available (set 'hibernate.transaction.jta.platform' to enable JTA platform integration)
2025-04-21T21:52:35.154+02:00  INFO 23396 --- [restartedMain] j.LocalContainerEntityManagerFactoryBean : Initialized JPA EntityManagerFactory for persistence unit 'default'
2025-04-21T21:52:35.212+02:00  WARN 23396 --- [restartedMain] JpaBaseConfiguration$JpaWebConfiguration : spring.jpa.open-in-view is enabled by default. Therefore, database queries may be performed during view rendering. Explicitly configure spring.jpa.open-in-view to disable this warning
2025-04-21T21:52:35.225+02:00  INFO 23396 --- [restartedMain] o.s.v.b.OptionalValidatorFactoryBean     : Failed to set up a Bean Validation provider: jakarta.validation.NoProviderFoundException: Unable to create a Configuration, because no Jakarta Bean Validation provider could be found. Add a provider like Hibernate Validator (RI) to your classpath.
2025-04-21T21:52:35.458+02:00  INFO 23396 --- [restartedMain] o.s.b.d.a.OptionalLiveReloadServer       : LiveReload server is running on port 35729
2025-04-21T21:52:35.466+02:00  INFO 23396 --- [restartedMain] o.s.b.w.embedded.tomcat.TomcatWebServer  : Tomcat started on port 8080 (http) with context path '/'
2025-04-21T21:52:35.470+02:00  INFO 23396 --- [restartedMain] c.e.f.FootballTestApplication            : Started FootballTestApplication in 0.737 seconds (process running for 878.04)
2025-04-21T21:52:35.471+02:00  INFO 23396 --- [restartedMain] .ConditionEvaluationDeltaLoggingListener : Condition evaluation unchanged
